[debug] [2023-11-03T08:09:56.916Z] ----------------------------------------------------------------------
[debug] [2023-11-03T08:09:56.917Z] Command:       /usr/local/bin/node /usr/local/bin/firebase init
[debug] [2023-11-03T08:09:56.918Z] CLI Version:   12.8.0
[debug] [2023-11-03T08:09:56.918Z] Platform:      darwin
[debug] [2023-11-03T08:09:56.918Z] Node Version:  v16.14.2
[debug] [2023-11-03T08:09:56.918Z] Time:          Fri Nov 03 2023 13:39:56 GMT+0530 (India Standard Time)
[debug] [2023-11-03T08:09:56.919Z] ----------------------------------------------------------------------
[debug] 
[debug] [2023-11-03T08:09:56.921Z] > command requires scopes: ["email","openid","https://www.googleapis.com/auth/cloudplatformprojects.readonly","https://www.googleapis.com/auth/firebase","https://www.googleapis.com/auth/cloud-platform"]
[debug] [2023-11-03T08:09:56.921Z] > authorizing via signed-in user (mehardilshad@gmail.com)
[info] 
     ######## #### ########  ######## ########     ###     ######  ########
     ##        ##  ##     ## ##       ##     ##  ##   ##  ##       ##
     ######    ##  ########  ######   ########  #########  ######  ######
     ##        ##  ##    ##  ##       ##     ## ##     ##       ## ##
     ##       #### ##     ## ######## ########  ##     ##  ######  ########

You're about to initialize a Firebase project in this directory:

  /Users/mehardilshad/Documents/Dilu/Task/task

[info] 
=== Project Setup
[info] 
[info] First, let's associate this project directory with a Firebase project.
[info] You can create multiple project aliases by running firebase use --add, 
[info] but for now we'll just set up a default project.
[info] 
